Base path: 'C:/Program Files/Unity/Hub/Editor/2019.3.0b4/Editor/Data', plugins path 'C:/Program Files/Unity/Hub/Editor/2019.3.0b4/Editor/Data/PlaybackEngines'
Cmd: initializeCompiler
Cmd: compileComputeKernel
  api=4 insize=8324 outsize=2090 ok=1
Cmd: compileComputeKernel
  api=4 insize=22218 outsize=1564 ok=1
Cmd: compileComputeKernel
  api=4 insize=22218 outsize=1368 ok=1
Cmd: compileComputeKernel
  api=4 insize=22218 outsize=1762 ok=1
Cmd: compileComputeKernel
  api=4 insize=15584 outsize=1243 ok=1
Cmd: compileComputeKernel
  api=4 insize=15584 outsize=1387 ok=1
Cmd: compileComputeKernel
  api=4 insize=15584 outsize=1762 ok=1
Cmd: compileComputeKernel
  api=4 insize=11059 outsize=6172 ok=1
Cmd: compileComputeKernel
  api=4 insize=1831 outsize=3102 ok=1
Cmd: compileSnippet
  api=4 type=0 insize=1602 outsize=2002 kw=UNITY_PASS_FORWARDBASE DIRECTIONAL SHADOWS_SCREEN LIGHTPROBE_SH _EMISSION _SPECULARHIGHLIGHTS_OFF _GLOSSYREFLECTIONS_OFF pd=UNITY_ENABLE_REFLECTION_BUFFERS UNITY_USE_DITHER_MASK_FOR_ALPHABLENDED_SHADOWS UNITY_PBS_USE_BRDF1 UNITY_SPECCUBE_BOX_PROJECTION UNITY_SPECCUBE_BLENDING UNITY_ENABLE_DETAIL_NORMALMAP SHADER_API_DESKTOP UNITY_COLORSPACE_GAMMA UNITY_LIGHT_PROBE_PROXY_VOLUME UNITY_LIGHTMAP_RGBM_ENCODING ok=1

Quitting shader compiler process
