Base path: 'C:/Program Files/Unity/Hub/Editor/2019.3.0b4/Editor/Data', plugins path 'C:/Program Files/Unity/Hub/Editor/2019.3.0b4/Editor/Data/PlaybackEngines'
Cmd: initializeCompiler
Cmd: compileComputeKernel
  api=4 insize=8324 outsize=1349 ok=1
Cmd: compileComputeKernel
  api=4 insize=4413 outsize=1831 ok=1
Cmd: compileComputeKernel
  api=4 insize=22218 outsize=1674 ok=1
Cmd: compileComputeKernel
  api=4 insize=22218 outsize=1309 ok=1
Cmd: compileComputeKernel
  api=4 insize=22218 outsize=1450 ok=1
Cmd: compileComputeKernel
  api=4 insize=22218 outsize=1831 ok=1
Cmd: compileComputeKernel
  api=4 insize=7860 outsize=2569 ok=1
Cmd: compileComputeKernel
  api=4 insize=15584 outsize=1291 ok=1
Cmd: compileComputeKernel
  api=4 insize=15584 outsize=1450 ok=1
Cmd: compileSnippet
  api=4 type=0 insize=1379 outsize=2002 kw=UNITY_PASS_FORWARDBASE DIRECTIONAL SHADOWS_SCREEN LIGHTPROBE_SH pd=UNITY_ENABLE_REFLECTION_BUFFERS UNITY_USE_DITHER_MASK_FOR_ALPHABLENDED_SHADOWS UNITY_PBS_USE_BRDF1 UNITY_SPECCUBE_BOX_PROJECTION UNITY_SPECCUBE_BLENDING UNITY_ENABLE_DETAIL_NORMALMAP SHADER_API_DESKTOP UNITY_COLORSPACE_GAMMA UNITY_LIGHT_PROBE_PROXY_VOLUME UNITY_LIGHTMAP_RGBM_ENCODING ok=1

Quitting shader compiler process
